[1726328761.586][INFO]: Starting ChromeDriver 128.0.6613.137 (fe621c5aa2d6b987e964fb1b5066833da5fb613d-refs/branch-heads/6613@{#1711}) on port 25320
[1726328761.586][INFO]: Please see https://chromedriver.chromium.org/security-considerations for suggestions on keeping ChromeDriver safe.
[1726328761.589][INFO]: ChromeDriver was started successfully on port 25320
[1726328761.670][INFO]: [490a7e8bfc71711989d5ec7481aa9cd2] COMMAND InitSession {
   "capabilities": {
      "firstMatch": [ {
         "browserName": "chrome",
         "goog:chromeOptions": {
            "args": [ "--remote-allow-origins=*" ],
            "binary": "C:\\Program Files\\Google\\Chrome\\Application\\chrome.exe",
            "extensions": [  ]
         },
         "goog:loggingPrefs": {
            "browser": "ALL",
            "driver": "ALL"
         }
      } ]
   }
}
[1726328761.671][INFO]: Populating Preferences file: {
   "alternate_error_pages": {
      "enabled": false
   },
   "autofill": {
      "enabled": false
   },
   "browser": {
      "check_default_browser": false
   },
   "distribution": {
      "import_bookmarks": false,
      "import_history": false,
      "import_search_engine": false,
      "make_chrome_default_for_user": false,
      "skip_first_run_ui": true
   },
   "dns_prefetching": {
      "enabled": false
   },
   "profile": {
      "content_settings": {
         "pattern_pairs": {
            "https://*,*": {
               "media-stream": {
                  "audio": "Default",
                  "video": "Default"
               }
            }
         }
      },
      "default_content_setting_values": {
         "geolocation": 1
      },
      "default_content_settings": {
         "geolocation": 1,
         "mouselock": 1,
         "notifications": 1,
         "popups": 1,
         "ppapi-broker": 1
      },
      "password_manager_enabled": false
   },
   "safebrowsing": {
      "enabled": false
   },
   "search": {
      "suggest_enabled": false
   },
   "translate": {
      "enabled": false
   }
}
[1726328761.672][INFO]: Populating Local State file: {
   "background_mode": {
      "enabled": false
   },
   "ssl": {
      "rev_checking": {
         "enabled": false
      }
   }
}
[1726328761.672][INFO]: ChromeDriver supports communication with Chrome via pipes. This is more reliable and more secure.
[1726328761.672][INFO]: Use the --remote-debugging-pipe Chrome switch instead of the default --remote-debugging-port to enable this communication mode.
[1726328761.673][INFO]: Launching chrome: "C:\Program Files\Google\Chrome\Application\chrome.exe" --allow-pre-commit-input --disable-background-networking --disable-backgrounding-occluded-windows --disable-client-side-phishing-detection --disable-default-apps --disable-hang-monitor --disable-popup-blocking --disable-prompt-on-repost --disable-sync --enable-automation --enable-logging --log-level=0 --no-first-run --no-service-autorun --password-store=basic --remote-allow-origins=* --remote-debugging-port=0 --test-type=webdriver --use-mock-keychain --user-data-dir="C:\Users\MOHITK~1\AppData\Local\Temp\scoped_dir40064_1163332848" data:,
[1726328762.241][INFO]: resolved localhost to ["::1","127.0.0.1"]
[1726328762.245][INFO]: [490a7e8bfc71711989d5ec7481aa9cd2] RESPONSE InitSession {
   "capabilities": {
      "acceptInsecureCerts": false,
      "browserName": "chrome",
      "browserVersion": "128.0.6613.138",
      "chrome": {
         "chromedriverVersion": "128.0.6613.137 (fe621c5aa2d6b987e964fb1b5066833da5fb613d-refs/branch-heads/6613@{#1711})",
         "userDataDir": "C:\\Users\\MOHITK~1\\AppData\\Local\\Temp\\scoped_dir40064_1163332848"
      },
      "fedcm:accounts": true,
      "goog:chromeOptions": {
         "debuggerAddress": "localhost:62235"
      },
      "networkConnectionEnabled": false,
      "pageLoadStrategy": "normal",
      "platformName": "windows",
      "proxy": {
      },
      "setWindowRect": true,
      "strictFileInteractability": false,
      "timeouts": {
         "implicit": 0,
         "pageLoad": 300000,
         "script": 30000
      },
      "unhandledPromptBehavior": "dismiss and notify",
      "webauthn:extension:credBlob": true,
      "webauthn:extension:largeBlob": true,
      "webauthn:extension:minPinLength": true,
      "webauthn:extension:prf": true,
      "webauthn:virtualAuthenticators": true
   },
   "sessionId": "490a7e8bfc71711989d5ec7481aa9cd2"
}
[1726328762.432][INFO]: [490a7e8bfc71711989d5ec7481aa9cd2] COMMAND MaximizeWindow {
}
[1726328762.432][INFO]: Waiting for pending navigations...
[1726328762.437][INFO]: Done waiting for pending navigations. Status: ok
[1726328762.461][INFO]: Waiting for pending navigations...
[1726328762.463][INFO]: Done waiting for pending navigations. Status: ok
[1726328762.463][INFO]: [490a7e8bfc71711989d5ec7481aa9cd2] RESPONSE MaximizeWindow {
   "height": 688,
   "width": 1296,
   "x": -8,
   "y": -8
}
[1726328762.478][INFO]: [490a7e8bfc71711989d5ec7481aa9cd2] COMMAND Navigate {
   "url": "https://docs.google.com/forms/d/e/1FAIpQLSep9LTMntH5YqIXa5nkiPKSs283kdwitBBhXWyZdAS-e4CxBQ/viewform"
}
[1726328762.479][INFO]: Waiting for pending navigations...
[1726328762.479][INFO]: Done waiting for pending navigations. Status: ok
[1726328763.584][INFO]: Waiting for pending navigations...
[1726328764.326][INFO]: Done waiting for pending navigations. Status: ok
[1726328764.326][INFO]: [490a7e8bfc71711989d5ec7481aa9cd2] RESPONSE Navigate
[1726328764.340][INFO]: [490a7e8bfc71711989d5ec7481aa9cd2] COMMAND GetUrl {
}
[1726328764.340][INFO]: Waiting for pending navigations...
[1726328764.341][INFO]: Done waiting for pending navigations. Status: ok
[1726328764.346][INFO]: Waiting for pending navigations...
[1726328764.347][INFO]: Done waiting for pending navigations. Status: ok
[1726328764.347][INFO]: [490a7e8bfc71711989d5ec7481aa9cd2] RESPONSE GetUrl "https://docs.google.com/forms/d/e/1FAIpQLSep9LTMntH5YqIXa5nkiPKSs283kdwitBBhXWyZdAS-e4CxBQ/viewform"
[1726328766.362][INFO]: [490a7e8bfc71711989d5ec7481aa9cd2] COMMAND FindElement {
   "using": "xpath",
   "value": "//span[normalize-space()='Name']/parent::div/parent::div/parent::div/following-sibling::div[@class='AgroKb']/div/div/div/div/input[@type='text']"
}
[1726328766.362][INFO]: Waiting for pending navigations...
[1726328766.363][INFO]: Done waiting for pending navigations. Status: ok
[1726328766.373][INFO]: Waiting for pending navigations...
[1726328766.374][INFO]: Done waiting for pending navigations. Status: ok
[1726328766.374][INFO]: [490a7e8bfc71711989d5ec7481aa9cd2] RESPONSE FindElement {
   "element-6066-11e4-a52e-4f735466cecf": "f.CD629DB21B65A0701BBD49796C68F8BA.d.D765C6788C78281ED6F52D7A7A586B35.e.4"
}
[1726328766.378][INFO]: [490a7e8bfc71711989d5ec7481aa9cd2] COMMAND ClickElement {
   "id": "f.CD629DB21B65A0701BBD49796C68F8BA.d.D765C6788C78281ED6F52D7A7A586B35.e.4"
}
[1726328766.378][INFO]: Waiting for pending navigations...
[1726328766.379][INFO]: Done waiting for pending navigations. Status: ok
[1726328766.416][INFO]: Waiting for pending navigations...
[1726328766.417][INFO]: Done waiting for pending navigations. Status: ok
[1726328766.417][INFO]: [490a7e8bfc71711989d5ec7481aa9cd2] RESPONSE ClickElement
[1726328766.422][INFO]: [490a7e8bfc71711989d5ec7481aa9cd2] COMMAND TypeElement {
   "id": "f.CD629DB21B65A0701BBD49796C68F8BA.d.D765C6788C78281ED6F52D7A7A586B35.e.4",
   "text": "Crio Learner",
   "value": [ "C", "r", "i", "o", " ", "L", "e", "a", "r", "n", "e", "r" ]
}
[1726328766.422][INFO]: Waiting for pending navigations...
[1726328766.423][INFO]: Done waiting for pending navigations. Status: ok
[1726328766.465][INFO]: Waiting for pending navigations...
[1726328766.466][INFO]: Done waiting for pending navigations. Status: ok
[1726328766.466][INFO]: [490a7e8bfc71711989d5ec7481aa9cd2] RESPONSE TypeElement
[1726328766.469][INFO]: [490a7e8bfc71711989d5ec7481aa9cd2] COMMAND FindElement {
   "using": "xpath",
   "value": "//span [@class='M7eMe' and text()='Why are you practicing Automation?']/parent::div/parent::div/parent::div/parent::div/div[2]/div/div/div/textarea"
}
[1726328766.469][INFO]: Waiting for pending navigations...
[1726328766.470][INFO]: Done waiting for pending navigations. Status: ok
[1726328766.477][INFO]: Waiting for pending navigations...
[1726328766.478][INFO]: Done waiting for pending navigations. Status: ok
[1726328766.478][INFO]: [490a7e8bfc71711989d5ec7481aa9cd2] RESPONSE FindElement {
   "element-6066-11e4-a52e-4f735466cecf": "f.CD629DB21B65A0701BBD49796C68F8BA.d.D765C6788C78281ED6F52D7A7A586B35.e.6"
}
[1726328766.481][INFO]: [490a7e8bfc71711989d5ec7481aa9cd2] COMMAND TypeElement {
   "id": "f.CD629DB21B65A0701BBD49796C68F8BA.d.D765C6788C78281ED6F52D7A7A586B35.e.6",
   "text": "I want to be the best QA Engineer! 1710572021",
   "value": [ "I", " ", "w", "a", "n", "t", " ", "t", "o", " ", "b", "e", " ", "t", "h", "e", " ", "b", "e", "s", "t", " ", "Q", "A", " ", "E", "n", "g", "i", "n", "e", "e", "r", "!", " ", "1", "7", "1", "0", "5", "7", "2", "0", "2", "1" ]
}
[1726328766.481][INFO]: Waiting for pending navigations...
[1726328766.481][INFO]: Done waiting for pending navigations. Status: ok
[1726328766.582][INFO]: Waiting for pending navigations...
[1726328766.584][INFO]: Done waiting for pending navigations. Status: ok
[1726328766.584][INFO]: [490a7e8bfc71711989d5ec7481aa9cd2] RESPONSE TypeElement
[1726328766.586][INFO]: [490a7e8bfc71711989d5ec7481aa9cd2] COMMAND FindElement {
   "using": "xpath",
   "value": "//span[text()='0 - 2']"
}
[1726328766.586][INFO]: Waiting for pending navigations...
[1726328766.587][INFO]: Done waiting for pending navigations. Status: ok
[1726328766.594][INFO]: Waiting for pending navigations...
[1726328766.595][INFO]: Done waiting for pending navigations. Status: ok
[1726328766.595][INFO]: [490a7e8bfc71711989d5ec7481aa9cd2] RESPONSE FindElement {
   "element-6066-11e4-a52e-4f735466cecf": "f.CD629DB21B65A0701BBD49796C68F8BA.d.D765C6788C78281ED6F52D7A7A586B35.e.24"
}
[1726328766.597][INFO]: [490a7e8bfc71711989d5ec7481aa9cd2] COMMAND ClickElement {
   "id": "f.CD629DB21B65A0701BBD49796C68F8BA.d.D765C6788C78281ED6F52D7A7A586B35.e.24"
}
[1726328766.597][INFO]: Waiting for pending navigations...
[1726328766.598][INFO]: Done waiting for pending navigations. Status: ok
[1726328766.624][INFO]: Waiting for pending navigations...
[1726328766.624][INFO]: Done waiting for pending navigations. Status: ok
[1726328766.624][INFO]: [490a7e8bfc71711989d5ec7481aa9cd2] RESPONSE ClickElement
[1726328766.626][INFO]: [490a7e8bfc71711989d5ec7481aa9cd2] COMMAND FindElement {
   "using": "xpath",
   "value": "//span[text()='Java']"
}
[1726328766.626][INFO]: Waiting for pending navigations...
[1726328766.626][INFO]: Done waiting for pending navigations. Status: ok
[1726328766.637][INFO]: Waiting for pending navigations...
[1726328766.637][INFO]: Done waiting for pending navigations. Status: ok
[1726328766.637][INFO]: [490a7e8bfc71711989d5ec7481aa9cd2] RESPONSE FindElement {
   "element-6066-11e4-a52e-4f735466cecf": "f.CD629DB21B65A0701BBD49796C68F8BA.d.D765C6788C78281ED6F52D7A7A586B35.e.25"
}
[1726328766.640][INFO]: [490a7e8bfc71711989d5ec7481aa9cd2] COMMAND ClickElement {
   "id": "f.CD629DB21B65A0701BBD49796C68F8BA.d.D765C6788C78281ED6F52D7A7A586B35.e.25"
}
[1726328766.640][INFO]: Waiting for pending navigations...
[1726328766.640][INFO]: Done waiting for pending navigations. Status: ok
[1726328766.670][INFO]: Waiting for pending navigations...
[1726328766.671][INFO]: Done waiting for pending navigations. Status: ok
[1726328766.671][INFO]: [490a7e8bfc71711989d5ec7481aa9cd2] RESPONSE ClickElement
[1726328766.674][INFO]: [490a7e8bfc71711989d5ec7481aa9cd2] COMMAND FindElement {
   "using": "xpath",
   "value": "//span[text()='Selenium']"
}
[1726328766.674][INFO]: Waiting for pending navigations...
[1726328766.675][INFO]: Done waiting for pending navigations. Status: ok
[1726328766.686][INFO]: Waiting for pending navigations...
[1726328766.687][INFO]: Done waiting for pending navigations. Status: ok
[1726328766.687][INFO]: [490a7e8bfc71711989d5ec7481aa9cd2] RESPONSE FindElement {
   "element-6066-11e4-a52e-4f735466cecf": "f.CD629DB21B65A0701BBD49796C68F8BA.d.D765C6788C78281ED6F52D7A7A586B35.e.26"
}
[1726328766.691][INFO]: [490a7e8bfc71711989d5ec7481aa9cd2] COMMAND ClickElement {
   "id": "f.CD629DB21B65A0701BBD49796C68F8BA.d.D765C6788C78281ED6F52D7A7A586B35.e.26"
}
[1726328766.691][INFO]: Waiting for pending navigations...
[1726328766.692][INFO]: Done waiting for pending navigations. Status: ok
[1726328766.734][INFO]: Waiting for pending navigations...
[1726328766.735][INFO]: Done waiting for pending navigations. Status: ok
[1726328766.735][INFO]: [490a7e8bfc71711989d5ec7481aa9cd2] RESPONSE ClickElement
[1726328766.737][INFO]: [490a7e8bfc71711989d5ec7481aa9cd2] COMMAND FindElement {
   "using": "xpath",
   "value": "//span[text()='TestNG']"
}
[1726328766.737][INFO]: Waiting for pending navigations...
[1726328766.738][INFO]: Done waiting for pending navigations. Status: ok
[1726328766.746][INFO]: Waiting for pending navigations...
[1726328766.749][INFO]: Done waiting for pending navigations. Status: ok
[1726328766.749][INFO]: [490a7e8bfc71711989d5ec7481aa9cd2] RESPONSE FindElement {
   "element-6066-11e4-a52e-4f735466cecf": "f.CD629DB21B65A0701BBD49796C68F8BA.d.D765C6788C78281ED6F52D7A7A586B35.e.27"
}
[1726328766.754][INFO]: [490a7e8bfc71711989d5ec7481aa9cd2] COMMAND ClickElement {
   "id": "f.CD629DB21B65A0701BBD49796C68F8BA.d.D765C6788C78281ED6F52D7A7A586B35.e.27"
}
[1726328766.754][INFO]: Waiting for pending navigations...
[1726328766.755][INFO]: Done waiting for pending navigations. Status: ok
[1726328766.780][INFO]: Waiting for pending navigations...
[1726328766.782][INFO]: Done waiting for pending navigations. Status: ok
[1726328766.782][INFO]: [490a7e8bfc71711989d5ec7481aa9cd2] RESPONSE ClickElement
[1726328766.786][INFO]: [490a7e8bfc71711989d5ec7481aa9cd2] COMMAND FindElement {
   "using": "xpath",
   "value": "//span[text()='Choose']"
}
[1726328766.786][INFO]: Waiting for pending navigations...
[1726328766.787][INFO]: Done waiting for pending navigations. Status: ok
[1726328766.794][INFO]: Waiting for pending navigations...
[1726328766.796][INFO]: Done waiting for pending navigations. Status: ok
[1726328766.796][INFO]: [490a7e8bfc71711989d5ec7481aa9cd2] RESPONSE FindElement {
   "element-6066-11e4-a52e-4f735466cecf": "f.CD629DB21B65A0701BBD49796C68F8BA.d.D765C6788C78281ED6F52D7A7A586B35.e.28"
}
[1726328766.801][INFO]: [490a7e8bfc71711989d5ec7481aa9cd2] COMMAND ClickElement {
   "id": "f.CD629DB21B65A0701BBD49796C68F8BA.d.D765C6788C78281ED6F52D7A7A586B35.e.28"
}
[1726328766.801][INFO]: Waiting for pending navigations...
[1726328766.802][INFO]: Done waiting for pending navigations. Status: ok
[1726328766.831][INFO]: Waiting for pending navigations...
[1726328766.834][INFO]: Done waiting for pending navigations. Status: ok
[1726328766.834][INFO]: [490a7e8bfc71711989d5ec7481aa9cd2] RESPONSE ClickElement
[1726328769.842][INFO]: [490a7e8bfc71711989d5ec7481aa9cd2] COMMAND FindElement {
   "using": "xpath",
   "value": "//div[@role='option']//span[@class='vRMGwf oJeWuf'][normalize-space()='Mr']"
}
[1726328769.842][INFO]: Waiting for pending navigations...
[1726328769.842][INFO]: Done waiting for pending navigations. Status: ok
[1726328769.850][INFO]: Waiting for pending navigations...
[1726328769.851][INFO]: Done waiting for pending navigations. Status: ok
[1726328769.851][INFO]: [490a7e8bfc71711989d5ec7481aa9cd2] RESPONSE FindElement {
   "element-6066-11e4-a52e-4f735466cecf": "f.CD629DB21B65A0701BBD49796C68F8BA.d.D765C6788C78281ED6F52D7A7A586B35.e.29"
}
[1726328769.854][INFO]: [490a7e8bfc71711989d5ec7481aa9cd2] COMMAND ClickElement {
   "id": "f.CD629DB21B65A0701BBD49796C68F8BA.d.D765C6788C78281ED6F52D7A7A586B35.e.29"
}
[1726328769.854][INFO]: Waiting for pending navigations...
[1726328769.855][INFO]: Done waiting for pending navigations. Status: ok
[1726328769.888][INFO]: Waiting for pending navigations...
[1726328769.893][INFO]: Done waiting for pending navigations. Status: ok
[1726328769.893][INFO]: [490a7e8bfc71711989d5ec7481aa9cd2] RESPONSE ClickElement
[1726328770.907][INFO]: [490a7e8bfc71711989d5ec7481aa9cd2] COMMAND FindElement {
   "using": "xpath",
   "value": "//input[@type='date']"
}
[1726328770.907][INFO]: Waiting for pending navigations...
[1726328770.908][INFO]: Done waiting for pending navigations. Status: ok
[1726328770.916][INFO]: Waiting for pending navigations...
[1726328770.917][INFO]: Done waiting for pending navigations. Status: ok
[1726328770.917][INFO]: [490a7e8bfc71711989d5ec7481aa9cd2] RESPONSE FindElement {
   "element-6066-11e4-a52e-4f735466cecf": "f.CD629DB21B65A0701BBD49796C68F8BA.d.D765C6788C78281ED6F52D7A7A586B35.e.32"
}
[1726328770.920][INFO]: [490a7e8bfc71711989d5ec7481aa9cd2] COMMAND TypeElement {
   "id": "f.CD629DB21B65A0701BBD49796C68F8BA.d.D765C6788C78281ED6F52D7A7A586B35.e.32",
   "text": "7-09-2024",
   "value": [ "7", "-", "0", "9", "-", "2", "0", "2", "4" ]
}
[1726328770.920][INFO]: Waiting for pending navigations...
[1726328770.920][INFO]: Done waiting for pending navigations. Status: ok
[1726328770.962][INFO]: Waiting for pending navigations...
[1726328770.963][INFO]: Done waiting for pending navigations. Status: ok
[1726328770.963][INFO]: [490a7e8bfc71711989d5ec7481aa9cd2] RESPONSE TypeElement
[1726328770.968][INFO]: [490a7e8bfc71711989d5ec7481aa9cd2] COMMAND FindElement {
   "using": "xpath",
   "value": "(//div[@class='Xb9hP']/input[@type='text' and @jsname='YPqjbf'])[2]"
}
[1726328770.968][INFO]: Waiting for pending navigations...
[1726328770.968][INFO]: Done waiting for pending navigations. Status: ok
[1726328770.976][INFO]: Waiting for pending navigations...
[1726328770.977][INFO]: Done waiting for pending navigations. Status: ok
[1726328770.977][INFO]: [490a7e8bfc71711989d5ec7481aa9cd2] RESPONSE FindElement {
   "element-6066-11e4-a52e-4f735466cecf": "f.CD629DB21B65A0701BBD49796C68F8BA.d.D765C6788C78281ED6F52D7A7A586B35.e.7"
}
[1726328770.980][INFO]: [490a7e8bfc71711989d5ec7481aa9cd2] COMMAND TypeElement {
   "id": "f.CD629DB21B65A0701BBD49796C68F8BA.d.D765C6788C78281ED6F52D7A7A586B35.e.7",
   "text": "07",
   "value": [ "0", "7" ]
}
[1726328770.980][INFO]: Waiting for pending navigations...
[1726328770.980][INFO]: Done waiting for pending navigations. Status: ok
[1726328771.011][INFO]: Waiting for pending navigations...
[1726328771.013][INFO]: Done waiting for pending navigations. Status: ok
[1726328771.013][INFO]: [490a7e8bfc71711989d5ec7481aa9cd2] RESPONSE TypeElement
[1726328771.015][INFO]: [490a7e8bfc71711989d5ec7481aa9cd2] COMMAND FindElement {
   "using": "xpath",
   "value": "(//div[@class='Xb9hP']/input[@type='text' and @jsname='YPqjbf'])[3]"
}
[1726328771.015][INFO]: Waiting for pending navigations...
[1726328771.016][INFO]: Done waiting for pending navigations. Status: ok
[1726328771.023][INFO]: Waiting for pending navigations...
[1726328771.023][INFO]: Done waiting for pending navigations. Status: ok
[1726328771.023][INFO]: [490a7e8bfc71711989d5ec7481aa9cd2] RESPONSE FindElement {
   "element-6066-11e4-a52e-4f735466cecf": "f.CD629DB21B65A0701BBD49796C68F8BA.d.D765C6788C78281ED6F52D7A7A586B35.e.8"
}
[1726328771.025][INFO]: [490a7e8bfc71711989d5ec7481aa9cd2] COMMAND TypeElement {
   "id": "f.CD629DB21B65A0701BBD49796C68F8BA.d.D765C6788C78281ED6F52D7A7A586B35.e.8",
   "text": "30",
   "value": [ "3", "0" ]
}
[1726328771.025][INFO]: Waiting for pending navigations...
[1726328771.026][INFO]: Done waiting for pending navigations. Status: ok
[1726328771.056][INFO]: Waiting for pending navigations...
[1726328771.056][INFO]: Done waiting for pending navigations. Status: ok
[1726328771.056][INFO]: [490a7e8bfc71711989d5ec7481aa9cd2] RESPONSE TypeElement
[1726328771.059][INFO]: [490a7e8bfc71711989d5ec7481aa9cd2] COMMAND FindElement {
   "using": "xpath",
   "value": "//span[text()='Submit']"
}
[1726328771.059][INFO]: Waiting for pending navigations...
[1726328771.059][INFO]: Done waiting for pending navigations. Status: ok
[1726328771.066][INFO]: Waiting for pending navigations...
[1726328771.067][INFO]: Done waiting for pending navigations. Status: ok
[1726328771.067][INFO]: [490a7e8bfc71711989d5ec7481aa9cd2] RESPONSE FindElement {
   "element-6066-11e4-a52e-4f735466cecf": "f.CD629DB21B65A0701BBD49796C68F8BA.d.D765C6788C78281ED6F52D7A7A586B35.e.41"
}
[1726328771.069][INFO]: [490a7e8bfc71711989d5ec7481aa9cd2] COMMAND ClickElement {
   "id": "f.CD629DB21B65A0701BBD49796C68F8BA.d.D765C6788C78281ED6F52D7A7A586B35.e.41"
}
[1726328771.069][INFO]: Waiting for pending navigations...
[1726328771.069][INFO]: Done waiting for pending navigations. Status: ok
[1726328771.100][INFO]: Waiting for pending navigations...
[1726328771.845][INFO]: Done waiting for pending navigations. Status: ok
[1726328771.845][INFO]: [490a7e8bfc71711989d5ec7481aa9cd2] RESPONSE ClickElement
[1726328771.847][INFO]: [490a7e8bfc71711989d5ec7481aa9cd2] COMMAND FindElement {
   "using": "xpath",
   "value": "//div[@class='vHW8K']"
}
[1726328771.847][INFO]: Waiting for pending navigations...
[1726328771.847][INFO]: Done waiting for pending navigations. Status: ok
[1726328771.854][INFO]: Waiting for pending navigations...
[1726328771.854][INFO]: Done waiting for pending navigations. Status: ok
[1726328771.854][INFO]: [490a7e8bfc71711989d5ec7481aa9cd2] RESPONSE FindElement {
   "element-6066-11e4-a52e-4f735466cecf": "f.CD629DB21B65A0701BBD49796C68F8BA.d.C13DCD833C20B5E98047662EAE088418.e.46"
}
[1726328771.857][INFO]: [490a7e8bfc71711989d5ec7481aa9cd2] COMMAND GetElementText {
   "id": "f.CD629DB21B65A0701BBD49796C68F8BA.d.C13DCD833C20B5E98047662EAE088418.e.46"
}
[1726328771.857][INFO]: Waiting for pending navigations...
[1726328771.857][INFO]: Done waiting for pending navigations. Status: ok
[1726328771.868][INFO]: Waiting for pending navigations...
[1726328771.868][INFO]: Done waiting for pending navigations. Status: ok
[1726328771.868][INFO]: [490a7e8bfc71711989d5ec7481aa9cd2] RESPONSE GetElementText "Thanks for your response, Automation Wizard!"
[1726328771.872][INFO]: [490a7e8bfc71711989d5ec7481aa9cd2] COMMAND GetUrl {
}
[1726328771.872][INFO]: Waiting for pending navigations...
[1726328771.873][INFO]: Done waiting for pending navigations. Status: ok
[1726328771.876][INFO]: Waiting for pending navigations...
[1726328771.877][INFO]: Done waiting for pending navigations. Status: ok
[1726328771.877][INFO]: [490a7e8bfc71711989d5ec7481aa9cd2] RESPONSE GetUrl "https://docs.google.com/forms/d/e/1FAIpQLSep9LTMntH5YqIXa5nkiPKSs283kdwitBBhXWyZdAS-e4CxBQ/formResponse"
